<?xml version="1.0" encoding="utf-8"?><testsuites name="pytest tests"><testsuite name="pytest" errors="0" failures="1" skipped="0" tests="47" time="15.534" timestamp="2026-02-10T15:53:43.366565+00:00" hostname="agent-env-5d4de126-686f-48bd-955b-219e42d7cf08"><testcase classname="backend.tests.test_erp_crud.TestAuth" name="test_admin_login" time="0.305" /><testcase classname="backend.tests.test_erp_crud.TestAuth" name="test_hod_login" time="0.266" /><testcase classname="backend.tests.test_erp_crud.TestAuth" name="test_faculty_login" time="0.256" /><testcase classname="backend.tests.test_erp_crud.TestAuth" name="test_principal_login" time="0.256" /><testcase classname="backend.tests.test_erp_crud.TestAuth" name="test_invalid_login" time="0.034" /><testcase classname="backend.tests.test_erp_crud.TestDepartments" name="test_list_departments" time="0.292" /><testcase classname="backend.tests.test_erp_crud.TestDepartments" name="test_create_department_as_admin" time="0.318" /><testcase classname="backend.tests.test_erp_crud.TestDepartments" name="test_create_department_as_principal" time="0.296" /><testcase classname="backend.tests.test_erp_crud.TestDepartments" name="test_get_single_department" time="0.335" /><testcase classname="backend.tests.test_erp_crud.TestAdminStudentCRUD" name="test_list_students" time="0.296" /><testcase classname="backend.tests.test_erp_crud.TestAdminStudentCRUD" name="test_create_student" time="0.555" /><testcase classname="backend.tests.test_erp_crud.TestAdminStudentCRUD" name="test_get_single_student" time="0.332" /><testcase classname="backend.tests.test_erp_crud.TestAdminFacultyCRUD" name="test_list_faculty" time="0.292" /><testcase classname="backend.tests.test_erp_crud.TestAdminFacultyCRUD" name="test_create_faculty" time="0.561" /><testcase classname="backend.tests.test_erp_crud.TestAdminFeeManagement" name="test_list_fee_structures" time="0.297" /><testcase classname="backend.tests.test_erp_crud.TestAdminFeeManagement" name="test_create_fee_structure" time="0.299" /><testcase classname="backend.tests.test_erp_crud.TestAdminGrievances" name="test_list_grievances" time="0.313" /><testcase classname="backend.tests.test_erp_crud.TestAdminDocumentRequests" name="test_list_document_requests" time="0.336" /><testcase classname="backend.tests.test_erp_crud.TestHODDashboard" name="test_list_department_students" time="0.297" /><testcase classname="backend.tests.test_erp_crud.TestHODDashboard" name="test_list_department_faculty" time="0.294" /><testcase classname="backend.tests.test_erp_crud.TestHODDashboard" name="test_list_subjects" time="0.296" /><testcase classname="backend.tests.test_erp_crud.TestHODDashboard" name="test_list_subject_mappings" time="0.332" /><testcase classname="backend.tests.test_erp_crud.TestHODDashboard" name="test_approve_document_request" time="0.297" /><testcase classname="backend.tests.test_erp_crud.TestHODSubjectCreation" name="test_create_subject" time="0.325" /><testcase classname="backend.tests.test_erp_crud.TestHODSubjectMapping" name="test_create_subject_faculty_mapping" time="0.376" /><testcase classname="backend.tests.test_erp_crud.TestFacultyDashboard" name="test_get_my_profile" time="0.288" /><testcase classname="backend.tests.test_erp_crud.TestFacultyDashboard" name="test_get_subject_mappings" time="0.289" /><testcase classname="backend.tests.test_erp_crud.TestFacultyDashboard" name="test_list_students" time="0.294" /><testcase classname="backend.tests.test_erp_crud.TestFacultyAttendance" name="test_mark_attendance" time="0.368" /><testcase classname="backend.tests.test_erp_crud.TestFacultyAttendance" name="test_mark_bulk_attendance" time="0.359" /><testcase classname="backend.tests.test_erp_crud.TestFacultyAttendance" name="test_get_attendance" time="0.288" /><testcase classname="backend.tests.test_erp_crud.TestFacultyMarks" name="test_enter_marks" time="0.414" /><testcase classname="backend.tests.test_erp_crud.TestFacultyMarks" name="test_enter_bulk_marks" time="0.419" /><testcase classname="backend.tests.test_erp_crud.TestFacultyMarks" name="test_get_marks" time="0.332" /><testcase classname="backend.tests.test_erp_crud.TestPrincipalDashboard" name="test_get_analytics_dashboard" time="0.299" /><testcase classname="backend.tests.test_erp_crud.TestPrincipalDashboard" name="test_list_all_departments" time="0.296" /><testcase classname="backend.tests.test_erp_crud.TestPrincipalDashboard" name="test_list_all_faculty" time="0.293" /><testcase classname="backend.tests.test_erp_crud.TestPrincipalDashboard" name="test_list_all_students" time="0.296" /><testcase classname="backend.tests.test_erp_crud.TestPrincipalDashboard" name="test_get_audit_logs" time="0.297" /><testcase classname="backend.tests.test_erp_crud.TestPrincipalAnnouncements" name="test_list_announcements" time="0.292" /><testcase classname="backend.tests.test_erp_crud.TestPrincipalAnnouncements" name="test_create_announcement" time="0.291"><failure message="assert 520 == 200&#10; +  where 520 = &lt;Response [520]&gt;.status_code">backend/tests/test_erp_crud.py:595: in test_create_announcement
    assert response.status_code == 200
E   assert 520 == 200
E    +  where 520 = &lt;Response [520]&gt;.status_code</failure></testcase><testcase classname="backend.tests.test_erp_crud.TestPrincipalDepartmentHOD" name="test_update_department_hod" time="0.403" /><testcase classname="backend.tests.test_erp_crud.TestRiskAlerts" name="test_get_department_risks" time="0.300" /><testcase classname="backend.tests.test_erp_crud.TestQuickActions" name="test_admin_quick_actions_endpoints" time="0.396" /><testcase classname="backend.tests.test_erp_crud.TestQuickActions" name="test_hod_quick_actions_endpoints" time="0.395" /><testcase classname="backend.tests.test_erp_crud.TestQuickActions" name="test_faculty_quick_actions_endpoints" time="0.400" /><testcase classname="backend.tests.test_erp_crud.TestQuickActions" name="test_principal_quick_actions_endpoints" time="0.483" /></testsuite></testsuites>