<?xml version="1.0" encoding="utf-8"?><testsuites name="pytest tests"><testsuite name="pytest" errors="0" failures="0" skipped="0" tests="28" time="15.371" timestamp="2026-02-16T07:11:35.726001+00:00" hostname="agent-env-5d4de126-686f-48bd-955b-219e42d7cf08"><testcase classname="backend.tests.test_erp_enhanced.TestAuthentication" name="test_login_all_roles[admin]" time="0.437" /><testcase classname="backend.tests.test_erp_enhanced.TestAuthentication" name="test_login_all_roles[hod]" time="0.335" /><testcase classname="backend.tests.test_erp_enhanced.TestAuthentication" name="test_login_all_roles[faculty]" time="0.325" /><testcase classname="backend.tests.test_erp_enhanced.TestAuthentication" name="test_login_all_roles[principal]" time="0.328" /><testcase classname="backend.tests.test_erp_enhanced.TestAuthentication" name="test_login_all_roles[student]" time="0.318" /><testcase classname="backend.tests.test_erp_enhanced.TestSettingsAPI" name="test_get_settings" time="0.383" /><testcase classname="backend.tests.test_erp_enhanced.TestSettingsAPI" name="test_update_settings_theme" time="0.446" /><testcase classname="backend.tests.test_erp_enhanced.TestSettingsAPI" name="test_update_settings_notifications" time="0.643" /><testcase classname="backend.tests.test_erp_enhanced.TestProfileAPI" name="test_get_profile_admin" time="0.385" /><testcase classname="backend.tests.test_erp_enhanced.TestProfileAPI" name="test_get_profile_student" time="0.393" /><testcase classname="backend.tests.test_erp_enhanced.TestPasswordChange" name="test_change_password_wrong_current" time="0.615" /><testcase classname="backend.tests.test_erp_enhanced.TestPasswordChange" name="test_change_password_correct" time="1.787" /><testcase classname="backend.tests.test_erp_enhanced.TestAnnouncementsAPI" name="test_create_announcement_with_publish_date" time="0.411" /><testcase classname="backend.tests.test_erp_enhanced.TestAnnouncementsAPI" name="test_get_announcements" time="0.392" /><testcase classname="backend.tests.test_erp_enhanced.TestGrievanceWorkflow" name="test_grievance_full_workflow" time="1.655" /><testcase classname="backend.tests.test_erp_enhanced.TestDocumentWorkflow" name="test_document_request_full_workflow" time="1.461" /><testcase classname="backend.tests.test_erp_enhanced.TestFeeAnalytics" name="test_get_fee_analytics" time="0.378" /><testcase classname="backend.tests.test_erp_enhanced.TestRiskAnalytics" name="test_get_risk_analytics" time="0.373" /><testcase classname="backend.tests.test_erp_enhanced.TestAuditLogEnhancement" name="test_get_audit_logs" time="0.411" /><testcase classname="backend.tests.test_erp_enhanced.TestDashboardAnalytics" name="test_get_dashboard_analytics" time="0.407" /><testcase classname="backend.tests.test_erp_enhanced.TestSubjectMapping" name="test_get_subjects" time="0.400" /><testcase classname="backend.tests.test_erp_enhanced.TestSubjectMapping" name="test_get_mappings" time="0.386" /><testcase classname="backend.tests.test_erp_enhanced.TestFacultyDashboard" name="test_faculty_profile" time="0.371" /><testcase classname="backend.tests.test_erp_enhanced.TestFacultyDashboard" name="test_get_students_for_attendance" time="0.378" /><testcase classname="backend.tests.test_erp_enhanced.TestAdminDashboard" name="test_get_students" time="0.383" /><testcase classname="backend.tests.test_erp_enhanced.TestAdminDashboard" name="test_get_faculty" time="0.638" /><testcase classname="backend.tests.test_erp_enhanced.TestAdminDashboard" name="test_get_pending_verifications" time="0.368" /><testcase classname="backend.tests.test_erp_enhanced.TestAttendanceAnalytics" name="test_get_attendance_analytics" time="0.421" /></testsuite></testsuites>